make all --print-data-base --no-builtin-variables --no-builtin-rules --question
# GNU Make 4.2.1
# Built for x86_64-pc-linux-gnu
# Copyright (C) 1988-2016 Free Software Foundation, Inc.
# License GPLv3+: GNU GPL version 3 or later <http://gnu.org/licenses/gpl.html>
# This is free software: you are free to change and redistribute it.
# There is NO WARRANTY, to the extent permitted by law.

# Make data base, printed on Tue Jul 26 19:27:47 2022

# Variables

# automatic
<D = $(patsubst %/,%,$(dir $<))
# automatic
?F = $(notdir $?)
# environment
DESKTOP_SESSION = ubuntu
# default
.SHELLFLAGS := -c
# makefile (from 'Makefile', line 19)
OBJ = ${SRCS:.cpp=.o}
# environment
XDG_SESSION_CLASS = user
# makefile (from 'Makefile', line 15)
SRC = main.cpp
# environment
XDG_SESSION_TYPE = x11
# environment
VSCODE_LOG_NATIVE = false
# automatic
?D = $(patsubst %/,%,$(dir $?))
# automatic
@D = $(patsubst %/,%,$(dir $@))
# environment
XAUTHORITY = /mnt/nfs/homes/aribesni/.Xauthority
# environment
GDMSESSION = ubuntu
# environment
XMODIFIERS = @im=ibus
# makefile
CURDIR := /mnt/nfs/homes/aribesni/Desktop/42/ft_containers/ft_containers.git
# makefile
SHELL = /bin/sh
# environment
GDM_LANG = en
# environment
VSCODE_NLS_CONFIG = {"locale":"en-us","availableLanguages":{},"_languagePackSupport":true}
# environment
_ = /usr/share/code/code
# environment
JOURNAL_STREAM = 9:49940
# environment
XDG_CONFIG_DIRS = /etc/xdg/xdg-ubuntu:/etc/xdg
# makefile (from 'Makefile', line 1)
MAKEFILE_LIST :=  Makefile
# automatic
@F = $(notdir $@)
# environment
GIO_LAUNCHED_DESKTOP_FILE = /usr/share/applications/code.desktop
# 'override' directive
GNUMAKEFLAGS := 
# environment
MANDATORY_PATH = /usr/share/gconf/ubuntu.mandatory.path
# environment
XDG_DATA_DIRS = /usr/share/gnome:/usr/share/ubuntu:/mnt/nfs/homes/aribesni/.local/share/flatpak/exports/share:/var/lib/flatpak/exports/share:/usr/local/share:/usr/share:/var/lib/snapd/desktop
# environment
DBUS_SESSION_BUS_ADDRESS = unix:path=/run/user/36117/bus
# environment
VSCODE_VERBOSE_LOGGING = true
# environment
MANAGERPID = 2430
# environment
VSCODE_IPC_HOOK_EXTHOST = /run/user/36117/vscode-ipc-d89ce826-0218-46c3-99a3-9863f56d3cac.sock
# environment
VSCODE_CWD = /mnt/nfs/homes/aribesni
# environment
XDG_SESSION_PATH = /org/freedesktop/DisplayManager/Session0
# environment
KRB5CCNAME = FILE:/tmp/krb5cc_36117_EWVF4r
# default
MAKE_HOST := x86_64-pc-linux-gnu
# environment
PATH = /mnt/nfs/homes/aribesni/bin:/usr/local/sbin:/usr/local/bin:/usr/sbin:/usr/bin:/sbin:/bin:/usr/games:/usr/local/games:/snap/bin
# environment
GPG_AGENT_INFO = /run/user/36117/gnupg/S.gpg-agent:0:1
# environment
LSCOLORS = Gxfxcxdxbxegedabagacad
# environment
SESSION_MANAGER = local/e1r7p13.clusters.42paris.fr:@/tmp/.ICE-unix/2942,unix/e1r7p13.clusters.42paris.fr:/tmp/.ICE-unix/2942
# environment
XDG_RUNTIME_DIR = /run/user/36117
# environment
XDG_MENU_PREFIX = gnome-
# environment
VSCODE_LOG_STACK = false
# environment
ELECTRON_RUN_AS_NODE = 1
# environment
INVOCATION_ID = 948af30d3ab44688b7d8cd2ef8f19217
# default
.FEATURES := target-specific order-only second-expansion else-if shortest-stem undefine oneshell archives jobserver output-sync check-symlink load
# environment
XDG_GREETER_DATA_DIR = /var/lib/lightdm-data/aribesni
# environment
LS_COLORS = 
# environment
XDG_SESSION_DESKTOP = ubuntu
# environment
SSH_AUTH_SOCK = /run/user/36117/keyring/ssh
# environment
GIO_LAUNCHED_DESKTOP_FILE_PID = 3676
# automatic
%F = $(notdir $%)
# environment
DISPLAY = :0
# environment
VSCODE_PIPE_LOGGING = true
# environment
PWD = /mnt/nfs/homes/aribesni/Desktop/42/ft_containers/ft_containers.git
# default
.LOADED := 
# environment
SSH_AGENT_PID = 2906
# environment
ORIGINAL_XDG_CURRENT_DESKTOP = ubuntu:GNOME
# environment
GTK_MODULES = gail:atk-bridge
# environment
VSCODE_AMD_ENTRYPOINT = vs/workbench/api/node/extensionHostProcess
# environment
HOME = /mnt/nfs/homes/aribesni
# environment
VSCODE_CODE_CACHE_PATH = /mnt/nfs/homes/aribesni/.config/Code/CachedData/30d9c6cd9483b2cc586687151bcbcd635f373630
# environment
LOGNAME = aribesni
# environment
APPLICATION_INSIGHTS_NO_DIAGNOSTIC_CHANNEL = 1
# environment
ZSH = /mnt/nfs/homes/aribesni/.oh-my-zsh
# environment
VSCODE_HANDLES_UNCAUGHT_ERRORS = true
# environment
GNOME_DESKTOP_SESSION_ID = this-is-deprecated
# automatic
^D = $(patsubst %/,%,$(dir $^))
# environment
MAKELEVEL := 0
# default
MAKE = $(MAKE_COMMAND)
# default
MAKECMDGOALS := all
# environment
QT_IM_MODULE = ibus
# makefile (from 'Makefile', line 17)
SRCS = ${addprefix ./srcs/, ${SRC}}
# environment
SHLVL = 1
# makefile (from 'Makefile', line 21)
CC = c++
# environment
IM_CONFIG_PHASE = 1
# default
MAKE_VERSION := 4.2.1
# environment
USER = aribesni
# makefile
.DEFAULT_GOAL := all
# environment
XDG_CURRENT_DESKTOP = Unity
# environment
LIBVIRT_DEFAULT_URI = qemu:///system
# environment
LESS = -R
# automatic
%D = $(patsubst %/,%,$(dir $%))
# default
MAKE_COMMAND := make
# environment
OLDPWD = /mnt/nfs/homes/aribesni
# default
.VARIABLES := 
# automatic
*F = $(notdir $*)
# environment
LANGUAGE = en
# environment
XDG_SEAT_PATH = /org/freedesktop/DisplayManager/Seat0
# environment
VSCODE_IPC_HOOK = /run/user/36117/vscode-0a778a4c-1.68.1-main.sock
# makefile
MAKEFLAGS = pqrR
# environment
MFLAGS = -pqrR
# automatic
*D = $(patsubst %/,%,$(dir $*))
# automatic
+D = $(patsubst %/,%,$(dir $+))
# environment
GDK_BACKEND = x11
# automatic
+F = $(notdir $+)
# environment
QT_ACCESSIBILITY = 1
# environment
DEFAULTS_PATH = /usr/share/gconf/ubuntu.default.path
# default
MAKEFILES := 
# automatic
<F = $(notdir $<)
# environment
PAGER = less
# environment
LC_ALL = C
# makefile (from 'Makefile', line 25)
HEADER = ./includes/
# environment
GJS_DEBUG_TOPICS = JS ERROR;JS LOG
# automatic
^F = $(notdir $^)
# default
SUFFIXES := 
# makefile (from 'Makefile', line 23)
FLAGS = -Wall -Wextra -Werror -std=c++98
# environment
CHROME_DESKTOP = code-url-handler.desktop
# default
.INCLUDE_DIRS = /usr/include /usr/local/include /usr/include
# environment
GJS_DEBUG_OUTPUT = stderr
# makefile (from 'Makefile', line 13)
NAME = container
# default
.RECIPEPREFIX := 
# environment
LANG = C
# environment
DOCKER_HOST = unix:///run/user/36117/docker.sock
# environment
VSCODE_PID = 3676
# variable set hash-table stats:
# Load=114/1024=11%, Rehash=0, Collisions=15/150=10%

# Pattern-specific Variable Values

# No pattern-specific variable values.

# Directories

# . (device 59, inode 295344566): 8 files, no impossibilities.
# includes (device 59, inode 295346178): 4 files, no impossibilities so far.
# srcs (device 59, inode 295344487): 4 files, no impossibilities so far.

# 16 files, no impossibilities in 3 directories.

# Implicit Rules

%.o: %.cpp includes/vector.hpp includes/iterator.hpp
#  recipe to execute (from 'Makefile', line 28):
			${CC} ${FLAGS} -I ${HEADER} -c $< -o $@

# 1 implicit rules, 0 (0.0%) terminal.

# Files

all: container
#  Command line target.
#  Implicit rule search has been done.
#  File does not exist.
#  File has been updated.
#  Needs to be updated (-q is set).
# variable set hash-table stats:
# Load=0/32=0%, Rehash=0, Collisions=0/6=0%

# Not a target:
includes/iterator.hpp:
#  Implicit rule search has been done.
#  Last modified 2022-07-26 18:48:59.128180162
#  File has been updated.
#  Successfully updated.

 
.Phony: all clean fclean re
#  Implicit rule search has not been done.
#  Modification time never checked.
#  File has not been updated.

# Not a target:
includes/vector.hpp:
#  Implicit rule search has been done.
#  Last modified 2022-07-26 19:27:27.469379081
#  File has been updated.
#  Successfully updated.

# Not a target:
Makefile:
#  Implicit rule search has been done.
#  Last modified 2022-07-26 19:27:45.662325442
#  File has been updated.
#  Successfully updated.

container: srcs/main.o
#  Implicit rule search has not been done.
#  Last modified 2022-07-26 18:59:21.938346856
#  File has been updated.
#  Needs to be updated (-q is set).
# variable set hash-table stats:
# Load=0/32=0%, Rehash=0, Collisions=0/6=0%
#  recipe to execute (from 'Makefile', line 33):
			${CC} ${FLAGS} ${OBJ} -o ${NAME}

fclean: clean
#  Implicit rule search has not been done.
#  Modification time never checked.
#  File has not been updated.
#  recipe to execute (from 'Makefile', line 39):
			rm -f ${NAME}

# Not a target:
srcs/main.cpp:
#  Implicit rule search has been done.
#  Last modified 2022-07-26 15:15:59.047731761
#  File has been updated.
#  Successfully updated.

# Not a target:
.DEFAULT:
#  Implicit rule search has not been done.
#  Modification time never checked.
#  File has not been updated.

re: fclean all
#  Implicit rule search has not been done.
#  Modification time never checked.
#  File has not been updated.

clean:
#  Implicit rule search has not been done.
#  Modification time never checked.
#  File has not been updated.
#  recipe to execute (from 'Makefile', line 36):
			rm -f ${OBJ}

srcs/main.o: srcs/main.cpp includes/vector.hpp includes/iterator.hpp
#  Implicit rule search has been done.
#  Implicit/static pattern stem: 'srcs/main'
#  Last modified 2022-07-26 18:59:21.840347144
#  File has been updated.
#  Needs to be updated (-q is set).
# automatic
# @ := srcs/main.o
# automatic
# % := 
# automatic
# * := srcs/main
# automatic
# + := srcs/main.cpp includes/vector.hpp includes/iterator.hpp
# automatic
# | := 
# automatic
# < := srcs/main.cpp
# automatic
# ^ := srcs/main.cpp includes/vector.hpp includes/iterator.hpp
# automatic
# ? := includes/vector.hpp
# variable set hash-table stats:
# Load=8/32=25%, Rehash=0, Collisions=2/16=12%
#  recipe to execute (from 'Makefile', line 28):
			${CC} ${FLAGS} -I ${HEADER} -c $< -o $@

# files hash-table stats:
# Load=13/1024=1%, Rehash=0, Collisions=0/41=0%
# VPATH Search Paths

# No 'vpath' search paths.

# No general ('VPATH' variable) search path.

# strcache buffers: 1 (0) / strings = 28 / storage = 257 B / avg = 9 B
# current buf: size = 8162 B / used = 257 B / count = 28 / avg = 9 B

# strcache performance: lookups = 59 / hit rate = 52%
# hash-table stats:
# Load=28/8192=0%, Rehash=0, Collisions=3/59=5%
# Finished Make data base on Tue Jul 26 19:27:47 2022

 
